310.461 965.418
310.287 965.655
310.358 965.659
310.277 965.534
310.419 965.402
310.535 965.291
310.788 964.769
311.27 963.842
311.383 963.645
311.564 963.311
312.024 962.466
312.236 962.077
312.79 961.058
313.444 959.861
313.567 959.634
314.408 958.091
314.904 957.187
315.109 956.828
315.565 956.031
315.912 955.451
316.665 954.226
316.665 954.226
317.323 953.207
317.371 953.14
317.476 952.984
317.96 952.285
318.004 952.236
318.844 950.798
319.499 949.485
319.521 949.783
319.52 949.718
320.231 948.08
320.49 947.511
320.734 946.971
320.893 946.621
321.138 946.075
321.345 945.609
322.058 944.001
322.359 943.313
322.669 942.602
323.069 941.672
323.129 941.533
323.181 941.413
323.194 941.378
323.218 941.309
323.252 941.209
323.297 941.077
323.35 940.917
323.413 940.729
323.484 940.515
323.563 940.276
323.65 940.013
323.744 939.728
323.845 939.422
323.952 939.097
324.064 938.754
324.182 938.394
324.305 938.019
324.433 937.63
324.564 937.229
324.699 936.816
324.837 936.394
324.977 935.963
325.12 935.526
325.264 935.083
325.41 934.635
325.556 934.185
325.703 933.734
325.85 933.282
325.996 932.832
326.141 932.385
326.285 931.941
326.427 931.504
326.566 931.073
326.703 930.65
326.836 930.237
326.966 929.835
327.092 929.446
327.213 929.07
327.328 928.71
327.439 928.366
327.543 928.04
327.641 927.733
327.732 927.448
327.815 927.184
327.891 926.944
327.959 926.728
328.018 926.539
328.067 926.378
328.107 926.246
328.137 926.144
328.157 926.074
328.165 926.037
328.165 926.037
328.124 926.205
328.249 926.289
328.092 926.138
328.02 926.312
328.096 926.122
328.09 925.337
328.028 924.736
327.928 922.875
327.908 922.497
327.834 922.063
327.833 922.066
327.588 920.523
327.414 919.562
327.253 918.816
327.159 918.414
327.158 918.41
326.895 917.364
326.755 916.836
326.551 916.091
326.378 915.506
325.938 913.987
325.649 913.033
325.593 912.656
325.627 912.644
325.426 912.738
324.674 911.254
323.941 910.151
323.265 909.116
322.913 908.578
322.51 907.946
322.285 907.584
321.631 906.534
320.763 905.114
320.601 904.852
320.061 903.943
320.061 903.943
319.556 902.873
319.459 902.996
319.58 903.174
319.065 902.2
318.547 901.343
317.885 900.281
317.886 900.282
316.877 898.994
316.088 898.035
315.791 897.68
315.345 897.172
315.002 896.802
314.119 895.855
313.251 894.954
312.968 894.666
312.348 894.051
312.347 894.05
311.686 893.385
311.048 892.75
310.563 892.274
310.283 892.006
310.283 892.006
309.234 891.01
308.753 890.556
308.025 889.897
307.09 889.053
305.992 888.205
306.337 888.197
305.941 888.191
304.661 887.334
303.603 886.694
302.967 886.294
302.081 885.723
300.885 884.914
300.89 884.914
300.915 885.034
300.754 884.797
299.983 884.103
299.322 883.479
298.743 882.938
298.495 882.705
298.357 882.579
298.358 882.536
298.362 882.599
296.874 881.478
296.299 881.061
295.599 880.549
294.748 879.931
294.335 879.632
293.952 879.355
293.327 878.908
293.092 878.739
292.008 877.968
292.006 877.967
291.025 877.264
291.226 877.455
291.151 877.396
290.23 876.776
289.988 876.618
288.455 875.609
287.356 874.888
286.751 874.491
285.984 873.99
285.984 873.99
284.743 873.186
283.704 872.521
282.901 872.013
282.283 871.626
281.214 870.968
280.949 870.804
279.897 870.172
279.897 870.172
278.711 869.47
278.174 869.159
277.808 868.945
277.268 868.638
276.237 868.054
274.977 867.344
274.539 867.101
274.099 866.854
273.526 866.534
273.522 866.532
272.046 865.727
272.044 865.726
271.341 865.309
270.734 864.964
270.307 864.721
269.984 864.544
269.113 864.038
268.4 863.677
267.628 863.206
268.052 863.448
268.097 863.397
266.819 863.051
265.881 862.75
264.676 862.444
263.68 862.209
262.97 862.021
262.528 861.828
262.54 861.98
262.564 862.005
262.476 861.885
260.698 861.476
259.881 861.273
259.619 861.212
259.568 861.201
258.915 861.048
257.859 860.821
255.976 860.444
254.695 860.23
253.49 859.76
253.439 860.185
253.427 859.905
253.419 859.892
253.435 859.896
252.206 859.556
251.235 859.258
250.512 859.042
249.43 858.713
248.789 858.521
247.981 858.266
247.604 858.136
245.834 857.504
246.193 857.662
244.996 857.1
244.556 856.858
244.188 856.67
243.408 856.216
242.839 855.859
242.111 855.402
241.214 854.748
240.476 854.201
240.044 853.849
239.697 853.554
239.116 853.044
238.632 852.597
237.956 851.952
237.071 851.06
236.175 850.125
236.176 850.124
235.476 848.839
235.109 848.121
234.922 847.76
234.747 847.438
234.573 846.967
234.572 846.964
233.889 845.837
233.429 844.961
233.083 844.369
233.019 843.908
232.849 843.826
232.688 843.821
232.829 843.787
232.858 843.796
233.135 842.225
233.313 841.306
233.506 840.483
233.507 840.48
233.742 839.645
233.92 839.092
234.272 838.134
234.454 837.645
234.793 836.865
235.034 836.358
235.361 835.682
235.509 835.419
236.26 834.032
237.101 832.568
237.55 831.819
237.852 831.322
238.355 830.513
238.546 830.213
239.445 828.793
239.921 828.048
240.219 827.588
240.776 826.731
241.364 825.828
241.656 825.378
241.939 824.933
241.959 824.911
242.934 823.42
243.241 822.932
243.813 822.028
244.288 821.24
244.484 820.918
245.169 819.695
245.641 818.845
246.095 817.973
247.009 816.26
247.1 816.065
247.177 815.969
247.351 815.658
247.474 815.436
248.164 814.197
248.481 813.629
248.956 812.805
249.116 812.531
249.47 811.92
249.702 811.52
250.312 810.46
250.651 809.873
250.959 809.332
251.073 809.131
251.213 808.88
251.776 807.872
252.06 807.362
252.438 806.671
252.706 806.173
253.115 805.416
253.186 805.283
253.793 804.138
253.793 804.138
254.013 803.712
254.208 803.373
254.593 802.615
254.742 802.33
255.051 801.739
255.128 801.569
255.01 801.804
255.521 800.877
256 799.999
257.093 798.992
257.457 798.648
257.935 798.199
258.088 798.055
258.69 797.469
258.945 797.222
260.014 796.143
260.903 795.237
261.219 794.906
262.04 794.047
262.737 793.313
263.152 792.874
263.234 792.787
263.481 792.525
263.791 792.197
264.958 790.962
265.332 790.326
265.999 789.999
266.007 789.016
266.313 787.981
266.367 787.779
266.777 786.461
266.65 786.808
267.148 785.467
267.38 784.876
267.789 783.855
268.086 783.134
268.391 782.405
268.675 781.733
268.873 781.268
269.092 780.754
269.478 779.85
269.846 778.985
270.121 778.328
270.263 777.99
270.759 776.783
270.909 776.416
271.129 775.868
271.325 775.367
271.794 774.161
272.08 773.415
272.209 773.078
272.455 772.427
272.741 771.666
272.945 771.122
273.139 770.6
273.271 770.246
273.403 769.894
274.021 768.244
274.281 767.559
274.472 767.057
274.79 766.237
274.79 766.237
275.292 764.961
275.734 763.847
275.962 763.281
276.365 762.276
276.772 761.264
276.98 760.749
277.354 759.816
277.551 759.326
278.087 757.978
277.947 758.334
278.571 756.745
278.664 756.507
278.773 756.231
278.997 755.661
279.108 755.378
279.683 753.927
280.049 753.011
280.437 752.053
280.571 751.721
280.888 750.941
280.957 750.773
281.077 750.483
281.541 749.341
281.964 748.306
281.96 748.303
282.006 747.001
282.072 745.494
282.019 745.857
282.258 744.464
282.039 744.155
282.226 744.43
282.498 743.614
282.632 743.123
283.232 741.759
283.626 740.747
283.625 740.744
283.856 739.171
284 738.088
283.997 738.088
284.022 737.001
284.055 735.258
284.056 735.26
284.073 735.279
284.052 734.731
284.04 734.001
284.027 733
284.015 731.818
284.018 732.198
284.01 730.557
284.008 730
284.004 729
283.998 728
283.99 727
283.978 726
283.963 725
283.943 724.001
283.919 723.001
283.883 722.003
283.8 720.191
283.769 719.708
283.715 719.017
283.603 717.908
283.568 717.55
283.448 716.553
283.383 716.068
283.291 715.407
283.211 714.938
283.063 714.047
282.823 712.777
282.57 711.549
282.409 710.774
282.337 710.448
282.312 710.337
282.171 709.691
281.808 708.035
281.808 708.035
281.6 707.076
281.396 706.117
281.226 705.312
281.081 704.62
280.839 703.441
280.792 703.212
280.649 702.502
280.616 702.329
280.373 701.138
280.176 700.175
280.074 699.704
279.929 699.023
279.709 698.036
279.392 696.62
279.392 696.621
279.407 696.675
279.31 696.265
279.093 695.319
278.918 694.56
278.839 694.222
278.72 693.724
278.46 692.612
278.222 691.304
278.223 691.304
277.984 690.986
277.609 690.076
277.249 689.328
276.969 688.695
276.465 687.536
276.372 687.324
276.372 687.324
275.872 686.099
275.871 686.098
275.248 684.683
274.749 683.504
274.444 682.769
274.13 681.982
273.518 680.454
273.071 679.426
273.11 679.593
273.067 679.383
272.946 678.878
272.723 678.188
272.618 677.821
272.361 676.937
272.075 676.005
272.075 676.005
271.53 674.276
271.373 673.556
271.361 673.563
270.937 673.001
270.212 671.82
270.212 671.82
269.51 670.687
269.263 670.293
268.96 669.806
268.659 669.324
268.127 668.473
267.79 667.929
267.635 667.676
267.036 666.703
266.368 665.6
265.661 664.413
265.012 663.315
264.779 662.916
264.199 661.929
263.675 661.033
263.54 660.814
263.54 660.813
263.268 660.342
262.643 659.285
261.897 658.027
261.896 658.027
261.894 658.027
261.088 656.781
260.339 655.636
259.574 654.473
258.876 653.415
258.477 652.814
258.182 652.368
258.183 652.367
257.141 650.862
256.684 650.2
256.371 649.754
256.155 649.446
255.448 648.441
254.718 647.411
254.274 646.792
253.875 646.232
253.874 646.232
253.487 645.706
252.977 645.008
252.42 644.247
252.142 643.859
252.128 643.854
252.112 643.849
252.143 643.861
251.074 642.237
250.503 641.398
249.684 640.168
249.418 639.767
248.881 638.985
248.611 638.597
248.219 638.039
247.999 637.738
247.213 636.665
246.391 635.573
245.549 634.483
244.769 633.487
244.469 633.11
243.738 632.192
242.937 631.194
242.044 630.017
242.193 630.34
242.022 629.995
241.105 628.795
240.372 627.807
239.8 627.06
239.327 626.44
238.758 625.743
238.757 625.742
237.568 624.505
236.248 623.127
236.196 623.083
235.859 622.795
235.44 622.416
235.472 622.491
235.411 622.399
235.293 622.264
235.157 622.098
235.272 622.227
234.133 621.464
233.317 620.871
232.093 619.986
232.394 620.205
232.047 619.953
230.793 619.054
229.686 618.263
228.543 617.458
227.381 616.656
226.248 615.895
225.057 615.116
224.827 614.968
224.432 614.718
224.048 614.494
222.376 613.51
221.395 612.938
220.961 612.692
220.678 612.534
220.199 612.265
218.613 611.397
217.463 610.775
216.813 610.424
215.794 609.88
216.192 610.092
214.742 609.334
214.39 609.15
213.76 608.824
213.29 608.582
212.172 608.004
210.977 607.373
210.305 607.034
210.122 606.953
209.41 606.547
208.527 606.064
207.034 605.248
207.035 605.25
207.022 605.275
206.653 605.071
205.713 604.66
204.784 604.287
204.677 604.188
204.598 604.198
203.445 603.746
202.442 603.413
202.446 603.413
200.773 603.083
199.85 602.912
199.73 602.888
198.405 602.644
197.544 602.486
196.426 602.287
195.236 602.094
195.247 602.073
195.238 602.087
195.242 602.079
195.242 602.098
194.002 602.078
192.997 602.076
191.294 602.079
191.291 602.077
190.526 602.069
190.52 602.069
188.715 602.043
187.893 602.032
186.005 601.999
184.486 601.967
183.52 601.946
182.537 601.914
181.246 601.87
180.561 601.839
180.007 601.816
178.817 601.75
177.818 601.691
177.369 601.665
177.183 601.661
177.307 601.662
177.331 601.663
176.003 601.551
175.011 601.462
174.028 601.347
173.648 601.307
172.877 601.207
172.107 601.08
170.331 600.793
169.902 600.723
169.34 600.616
168.608 600.459
167.589 600.239
166.814 600.062
166.448 599.972
166.45 599.972
164.781 599.587
163.696 599.327
162.689 599.075
161.349 598.725
160.306 598.44
159.326 598.156
157.894 597.7
158.242 597.841
157.176 597.417
156.335 597.066
155.145 596.562
154.358 596.224
153.78 595.965
152.528 595.412
151.274 594.867
149.784 594.188
149.749 594.097
149.702 594.318
148.496 593.665
147.224 593.214
145.824 592.761
145.086 592.523
144.188 592.312
144.499 592.326
143.032 591.764
142.158 591.393
140.891 590.869
139.677 590.367
139.436 590.27
138.642 589.937
138.16 589.715
136.711 589.031
135.542 588.395
133.931 587.434
133.93 587.435
133.432 587.172
132.721 586.699
131.593 585.956
131.02 585.509
130.89 585.409
129.901 584.554
129.73 584.392
128.628 583.376
127.646 582.412
126.653 581.362
126.643 581.39
126.672 581.386
125.872 580.182
125.233 579.15
124.734 578.31
124.456 577.82
123.943 576.901
123.517 576.174
123.715 576.465
123.454 576.018
123.005 575.198
122.638 574.513
122.34 573.949
122.34 573.948
122.017 573.265
121.62 572.396
121.115 571.254
120.833 570.606
120.585 569.994
120.585 569.994
120.586 569.993
119.808 568.424
119.42 567.601
119.334 567.413
118.868 566.274
118.42 565.105
117.976 563.798
118.069 564.165
117.785 563.024
117.574 562.113
117.482 561.703
117.276 560.733
117.133 560.027
116.995 559.32
116.915 558.881
116.81 558.251
116.739 557.811
116.509 556.096
116.412 555.676
116.349 554.645
116.317 553.968
116.193 551.994
116.121 549.997
116.103 549.532
116.084 548.608
116.08 548
116.071 546.56
116.082 545.441
116.116 544.087
116.115 543.994
116.18 542.669
116.222 541.993
116.379 540.023
116.515 538.605
116.678 537.211
116.812 536.152
116.812 536.152
116.942 535.272
117.037 534.633
117.219 533.469
117.296 532.98
117.477 531.847
117.42 532.197
117.709 530.375
117.771 529.982
118.013 528.504
118.096 528.012
118.283 527.029
118.53 525.559
118.597 525.858
118.602 524.951
118.61 524.794
118.646 524.663
118.837 523.236
118.899 522.807
119.014 522.203
119.087 521.905
119.324 520.834
119.537 519.939
119.782 518.99
120.208 517.349
120.208 517.346
120.464 516.218
120.276 516.13
120.449 516.207
120.71 515.279
120.83 514.918
121.151 513.979
121.287 513.571
121.608 512.61
121.827 511.931
122.128 511.012
122.341 510.254
122.141 510.962
122.13 511.003
122.65 509.459
122.834 508.913
123.193 507.886
123.44 507.159
123.687 506.414
123.849 505.926
124.275 504.581
124.6 503.547
124.83 502.799
125.057 502.058
125.3 501.264
125.685 500.016
125.937 499.219
126.173 498.47
126.37 497.869
126.493 497.491
126.88 496.337
126.94 496.166
127.425 494.747
127.504 494.563
127.574 494.392
127.999 493.999
127.709 492.959
127.898 491.962
128.011 491.346
128.197 490.483
128.288 490.114
128.583 488.908
128.781 488.184
129.059 487.245
129.163 486.924
129.163 486.922
129.615 485.655
129.785 485.206
130.173 484.202
130.288 483.93
130.479 483.463
130.778 482.774
131.033 482.2
131.294 481.623
131.446 481.307
131.893 480.376
132.216 479.715
132.658 478.845
132.766 478.632
132.905 478.363
133.452 477.393
134.07 476.327
134.649 475.508
134.803 475.183
135.014 474.799
135.263 474.459
135.373 474.339
135.211 474.56
135.614 473.39
135.993 472.456
136.233 471.77
136.612 470.76
136.73 470.439
136.901 470.018
137.193 469.286
137.835 467.76
138.026 467.307
138.124 467.084
138.558 466.111
138.846 465.469
139.159 464.774
139.649 463.699
140.045 462.836
140.339 462.201
140.687 461.456
141.006 460.777
141.437 459.873
141.688 459.346
142.303 458.087
142.752 457.185
143.265 456.152
143.159 456.355
143.577 455.607
143.905 454.992
144.418 454.113
144.418 454.112
144.737 453.448
145.091 452.796
145.579 451.857
146.16 450.768
146.269 450.568
146.439 450.268
146.748 449.71
147.285 448.79
147.767 447.982
148.33 447.065
148.778 446.369
149.291 445.595
149.625 445.105
150.227 444.27
150.476 443.929
151.185 443.03
151.769 442.213
152.543 441.358
152.393 441.536
152.379 441.009
151.998 439.999
153.039 440.226
153.163 439.121
153.834 437.937
153.973 437.692
154.655 436.488
154.831 436.179
155.32 435.297
155.382 435.195
155.649 434.759
155.998 433.999
156.625 433.406
157.092 432.817
157.762 432.048
157.918 431.862
158.536 431.125
158.939 430.633
159.642 429.768
160.494 428.704
160.823 428.279
161.389 427.542
161.716 427.11
162.275 426.361
162.31 426.317
162.713 425.763
163.219 425.064
163.988 423.996
164.892 422.74
165.052 422.512
165.251 422.233
165.532 421.845
165.705 421.605
166.523 420.482
167.212 419.547
168.007 418.477
168.283 418.112
168.761 417.482
169.277 416.806
169.877 416.028
170.605 415.085
170.947 414.645
171.647 413.743
172.298 412.903
172.62 412.489
172.621 412.488
173.034 411.943
173.525 411.298
174.259 410.325
174.873 409.508
175.091 409.216
175.999 407.999
176.958 407.256
177.464 406.865
178.689 405.914
178.703 405.898
178.703 405.898
178.93 405.758
179.611 405.193
180.931 404.202
181.673 403.649
182.249 403.22
182.737 402.858
182.977 402.682
182.855 402.772
183.845 402.029
184.989 401.17
185.585 400.691
185.934 400.442
185.954 400.437
187.103 399.473
187.777 398.921
188.456 398.364
189.303 397.674
189.59 397.44
190.576 396.657
191.75 395.744
191.97 395.568
192.393 395.244
192.63 395.072
192.819 394.935
193.621 394.36
194.138 393.999
195.223 393.249
195.532 393.038
196.455 392.425
197.562 391.7
198.786 390.915
198.783 390.9
198.785 390.914
200.021 390.198
201.518 389.33
201.93 389.088
202.562 388.707
203.262 388.282
203.986 387.832
203.986 387.832
205.142 387.104
206.754 386.434
206.623 386.191
206.587 386.152
206.639 386.197
207.224 386.004
207.316 385.961
207.214 386.008
208.726 385.429
209.661 385.064
211.031 384.504
212.074 384.054
212.312 383.956
212.765 383.75
213.702 383.303
214.636 382.839
215.192 382.561
215.9 382.179
216.295 381.96
217.231 381.424
217.505 381.265
218.087 380.924
218.495 380.665
218.904 380.402
219.934 379.749
220.894 379.124
221.517 378.707
221.778 378.535
222.306 378.177
223.133 377.619
223.587 377.313
224.574 376.654
225.679 375.928
225.978 375.727
226.478 375.403
226.728 375.247
226.903 375.139
227.75 374.617
228.291 374.292
229.425 373.618
229.768 373.417
230.719 372.874
231.521 372.421
231.862 372.229
232.129 372.082
232.958 371.618
233.441 371.347
234.009 371.028
234.43 370.781
234.784 370.578
235.876 369.916
236.644 369.442
236.783 369.347
236.789 369.343
238.334 368.28
238.755 367.987
239.297 367.615
239.314 367.574
240.824 366.547
241.559 366.032
241.857 365.822
242.868 365.09
243.549 364.592
244.255 364.069
245.097 363.436
246.352 362.518
246.244 362.67
246.387 362.451
246.561 362.224
247.111 361.701
247.669 361.1
248.262 360.47
248.418 360.303
249.17 359.478
249.451 359.16
249.969 358.568
250.254 358.242
250.539 357.908
250.99 357.36
251.015 357.327
251.986 356.205
252.572 355.524
252.898 355.124
253.214 354.731
253.861 353.924
254.207 353.484
254.857 352.644
255.651 351.609
256.475 350.526
257.228 349.543
257.785 348.924
257.919 348.67
257.92 348.669
258.923 347.445
259.462 346.771
260.104 345.965
260.347 345.66
261.18 344.598
261.712 343.91
261.853 343.728
262.648 342.663
263.389 341.653
263.606 341.349
264.284 340.38
264.868 339.525
265.09 339.194
265.838 338.051
266.241 337.413
266.748 336.649
266.845 336.479
266.947 336.299
266.966 336.241
266.931 336.337
267.717 335.257
268.301 334.445
269.157 333.235
269.338 332.976
269.374 332.922
269.513 332.734
270.029 331.958
270.562 331.154
270.917 330.619
271.259 330.096
271.518 329.694
271.668 329.462
272.105 328.777
272.413 328.294
273.028 327.326
273.361 326.801
273.87 326.003
274.931 324.34
274.932 324.339
274.933 324.339
275.265 323.825
275.605 323.305
276.235 322.328
276.879 321.323
277.144 320.908
277.788 319.87
278.285 319.059
278.626 318.481
278.836 318.132
278.945 317.939
279.053 317.743
279.556 316.861
280.04 315.987
280.728 314.718
280.909 314.39
281.135 314.015
281.128 313.859
281.174 313.955
281.828 312.469
282.137 311.805
282.51 310.991
282.692 310.596
282.86 310.227
283.186 309.497
283.2 309.466
283.705 308.324
283.985 307.676
284.495 306.49
284.603 306.238
284.819 305.715
285.03 305.193
285.488 304.042
285.825 303.195
285.924 302.931
285.999 302.726
285.999 302.729
286.744 301.075
287.08 300.12
287.328 299.698
287.397 299.645
287.31 299.714
287.302 299.72
287.668 298.313
287.919 297.344
288.241 296.048
288.488 295.04
288.658 294.32
288.705 294.108
288.886 293.309
288.975 292.906
289.127 292.176
289.194 291.852
289.434 290.654
289.571 289.949
289.756 288.973
289.883 288.291
289.97 287.813
290.291 286.025
290.476 284.997
290.499 284.857
290.499 284.856
290.843 282.986
290.994 282.158
291.046 281.849
291.084 281.623
291.254 280.6
291.359 279.909
291.6 278.291
291.642 277.959
291.759 276.963
291.94 275.102
291.94 275.102
291.973 275.145
292.059 274.606
291.928 274.668
292.118 274.536
292.251 273.036
292.398 272.032
292.483 271.451
292.648 270.308
292.674 270.125
292.873 268.725
293.077 267.258
293.125 266.911
293.226 266.161
293.232 266.113
293.385 264.995
293.518 263.946
293.624 262.965
293.767 261.647
293.74 261.979
293.788 260.989
293.811 260.655
293.819 260.196
293.863 258.997
293.886 257.999
293.895 256.558
293.887 255.443
293.861 254.004
293.814 252.063
293.79 251.359
293.767 250.295
293.733 249.169
293.717 249.395
293.729 249.255
293.749 248.883
293.752 248.52
293.756 248.077
293.79 246.86
293.797 245.854
293.799 245.785
293.827 245.358
293.855 243.885
293.854 244.263
293.863 242.628
293.834 240.663
293.842 240.666
293.808 240.011
293.805 240.016
293.799 240.024
293.537 238.688
293.383 237.878
293.286 237.463
293.017 236.405
292.703 235.203
292.524 234.56
292.462 234.332
292.34 233.888
292.285 233.678
292.071 232.976
291.804 232.193
291.998 232.24
291.856 232.209
291.455 231.235
291.289 230.792
291.174 230.517
290.807 229.629
290.693 229.403
290.893 229.792
290.9 229.808
290.562 228.527
290.343 227.553
290.153 226.579
290.033 225.992
289.822 224.922
289.681 224.211
289.607 223.834
289.368 222.62
289.224 221.887
289.012 220.865
289.042 220.903
289.03 220.888
288.842 220.007
288.789 219.829
288.844 220.022
288.577 218.454
288.577 218.451
288.321 216.963
288.138 215.9
287.846 214.342
287.865 214.393
287.944 214.583
287.894 214.465
287.778 214.037
287.743 213.85
287.452 212.904
287.15 211.852
286.656 210.276
286.662 210.294
286.935 211.019
286.831 210.71
286.605 210.107
286.496 209.877
286.259 209.683
286.449 209.891
286.435 208.932
286.434 208.927
286.348 207.694
286.377 206.472
286.42 204.629
286.41 204.635
286.318 204.685
286.489 204.588
286.491 204.589
286.591 203.926
286.805 203.202
287.137 201.77
287.494 200.128
287.594 199.45
287.672 199.137
287.678 199.133
287.678 199.132
287.812 197.786
287.921 196.795
287.993 195.986
288.14 194.342
288.169 194.003
288.253 193.009
288.324 192.222
288.305 192.552
288.722 191.055
289.157 189.706
289.433 188.883
289.661 188.152
290.013 187.135
290.258 186.496
290.01 186.48
290.262 186.467
290.258 186.444
290.719 185.535
290.845 185.271
291.652 183.92
292.167 182.986
292.649 182.105
292.708 181.901
292.724 181.884
292.875 181.644
292.952 181.666
292.834 181.639
293.101 181.098
293.63 179.859
294.439 178.17
294.083 178.267
294.385 178.18
294.404 178.178
295.051 177.44
295.39 177.09
296.078 176.374
296.282 176.165
297.287 175.136
298.284 174.129
298.395 174.022
299.511 172.923
300.151 172.302
300.788 171.675
301.164 171.277
301.551 171.305
300.95 171.21
301.998 169.999
303.435 168.885
304.413 168.159
304.412 168.157
304.552 167.987
305.236 167.503
306.243 166.694
307.029 166.044
307.517 165.718
307.737 165.77
307.241 165.541
308.52 164.518
309.3 163.455
310.023 162.448
310.252 162.127
310.651 161.561
311.121 160.866
311.901 159.699
311.941 159.648
312.583 158.596
313.053 157.815
313.514 156.979
314.171 155.757
314.513 155.098
314.684 154.756
314.695 154.735
315.002 154.067
315.215 153.593
315.603 152.694
315.922 151.905
316.232 151.109
316.487 150.404
316.899 149.197
317.23 148.195
317.353 147.801
317.442 147.511
317.858 146.131
317.758 146.474
318.178 145.024
318.45 144.075
318.959 142.321
318.959 142.314
318.961 142.295
318.962 142.291
319.084 141.92
319.362 141.119
319.935 139.589
319.964 139.369
320.336 138.46
320.25 138.097
320.387 137.887
320.651 136.918
320.701 136.737
320.805 136.399
321.244 135.308
321.65 134.281
321.982 133.421
321.876 133.692
322.276 132.7
322.367 132.474
322.367 132.474
322.38 132.438
322.403 132.368
322.437 132.267
322.481 132.134
322.534 131.972
322.596 131.783
322.667 131.566
322.745 131.325
322.831 131.059
322.925 130.772
323.025 130.463
323.131 130.135
323.243 129.788
323.361 129.425
323.483 129.046
323.61 128.653
323.74 128.248
323.875 127.831
324.012 127.405
324.152 126.97
324.294 126.528
324.437 126.081
324.582 125.629
324.728 125.175
324.874 124.719
325.02 124.263
325.166 123.809
325.31 123.357
325.453 122.909
325.594 122.467
325.733 122.032
325.869 121.606
326.001 121.189
326.13 120.783
326.254 120.39
326.374 120.01
326.489 119.646
326.599 119.299
326.702 118.97
326.799 118.661
326.889 118.372
326.971 118.106
327.046 117.864
327.112 117.646
327.17 117.455
327.219 117.293
327.258 117.159
327.286 117.056
327.305 116.986
327.312 116.948