327.288 109.669
327.367 109.489
327.308 109.479
327.28 109.468
327.345 109.598
327.344 109.829
327.418 110.889
327.472 111.882
327.493 112.945
327.516 113.601
327.432 114.086
327.432 114.096
327.481 114.759
327.408 115.53
327.384 115.915
327.312 116.948
327.313 116.983
327.32 117.048
327.332 117.141
327.349 117.26
327.371 117.405
327.398 117.575
327.429 117.768
327.464 117.984
327.503 118.22
327.546 118.475
327.593 118.749
327.642 119.04
327.695 119.347
327.751 119.669
327.809 120.004
327.87 120.352
327.932 120.71
327.997 121.078
328.064 121.455
328.132 121.839
328.201 122.229
328.271 122.625
328.342 123.023
328.414 123.425
328.486 123.827
328.558 124.23
328.631 124.631
328.702 125.03
328.774 125.425
328.844 125.815
328.914 126.199
328.982 126.576
329.049 126.944
329.115 127.302
329.178 127.649
329.239 127.984
329.298 128.305
329.355 128.612
329.408 128.903
329.459 129.176
329.507 129.431
329.55 129.667
329.591 129.881
329.627 130.074
329.66 130.243
329.687 130.388
329.711 130.507
329.729 130.599
329.743 130.663
329.751 130.697
329.751 130.697
329.866 130.946
329.984 131.088
329.773 130.627
330.11 131.608
330.408 132.565
330.672 133.365
330.83 133.861
331.076 134.614
331.202 135.006
331.577 136.14
331.591 136.185
331.991 137.359
332.097 137.657
332.532 138.852
332.896 139.796
333.359 140.911
333.349 140.926
333.346 140.932
333.391 140.921
334.017 141.988
334.556 142.809
335.056 143.55
335.645 144.406
336.234 145.23
336.807 146.124
336.735 146.062
336.802 146.104
336.867 146.177
336.781 145.952
337.089 146.4
337.355 146.717
337.673 147.096
338.378 147.872
339.485 149.108
340.132 149.801
340.132 149.801
341.125 150.789
342.18 151.799
342.18 151.799
343.245 152.755
344.147 153.532
344.482 153.821
345.158 154.381
345.6 154.731
346.809 155.683
346.919 155.772
347.462 156.179
347.445 156.226
347.442 156.103
348.827 157.005
350.147 157.765
351.13 158.31
351.613 158.578
352.71 159.155
352.71 159.155
354 159.794
354.001 159.795
355.326 160.452
356.131 160.844
356.64 161.073
357.135 161.288
358.096 161.714
359.369 162.2
359.288 162.3
359.336 162.241
359.357 162.213
361.009 162.192
362.012 162.157
363.003 162.112
363.617 162.086
363.998 162.06
364.994 161.966
366.779 161.781
366.779 161.781
366.765 161.655
367.942 161.574
368.951 161.363
369.842 161.11
370.141 161.009
371.102 160.698
372.025 160.363
372.937 160.017
373.794 159.669
374.304 159.459
375.337 158.996
376.516 158.452
376.517 158.452
377.827 157.804
378.393 157.523
379.155 157.158
380.389 156.578
381.069 156.252
381.594 156.02
381.837 155.91
381.838 155.91
382.993 155.437
383.502 155.236
383.969 155.049
384.622 154.792
384.867 154.721
384.492 154.837
385.896 154.12
387.214 153.422
387.272 153.4
387.297 153.388
388.253 152.88
389.999 151.999
391.071 150.913
391.792 150.181
392.561 149.401
392.922 149.032
393.958 147.978
394.999 146.92
395.141 146.778
395.216 146.703
396.01 145.908
396.518 145.403
396.899 145.024
398.018 143.912
398.02 143.911
398.986 142.882
399.744 142.063
399.996 141.791
400.775 140.916
401.489 140.094
402.185 139.286
402.701 138.643
402.871 138.433
402.934 138.356
403.234 138.025
403.122 138.141
403.024 138.258
403.737 137.17
404.274 136.373
404.48 136.025
404.763 135.574
405.364 134.664
405.936 133.847
406.043 133.698
406.194 133.317
406.57 132.745
406.887 132.228
407.375 131.362
408.157 130.077
408.663 129.245
408.967 128.722
409.47 127.838
409.708 127.418
410.28 126.367
410.605 125.71
410.788 125.376
411.531 123.787
412.029 122.67
412.201 122.258
412.644 121.121
412.936 120.335
413.105 119.821
413.41 118.871
413.698 117.915
413.954 117.056
414.146 116.455
414.146 116.455
414.083 116.383
414.315 116.448
414.036 116.206
415.148 115.197
415.936 114.047
416.435 113.268
416.561 113.079
417.411 111.652
418.149 110.341
418.747 109.226
419.034 108.625
419.262 108.167
419.398 107.849
419.771 106.987
420.169 106.012
420.766 104.496
420.771 104.481
420.776 104.471
421.016 103.847
421.135 103.509
421.628 102.177
421.86 101.549
421.985 101.198
422.409 100.036
422.282 100.384
422.852 98.9071
422.886 98.8206
423.028 98.4601
423.494 97.315
423.646 96.9169
424.118 95.6819
424.207 95.6941
424.176 95.3762
424.397 94.6129
424.515 94.0945
424.761 93.0711
424.872 92.6017
425.022 91.9918
425.22 91.2126
425.404 90.4837
425.646 89.5645
426.023 88.1572
426.023 88.1572
426.224 87.431
426.391 86.8556
426.6 86.1345
426.874 85.2276
427.039 84.6861
427.432 83.4573
427.514 83.2014
427.738 82.5532
427.875 82.1794
428.283 81.1158
428.666 80.19
429.193 78.9715
429.243 78.8737
429.37 78.622
429.839 77.7123
430.125 77.1824
430.634 76.2841
430.701 76.1658
431.413 74.9915
431.496 74.8631
431.825 74.3436
432.171 73.8313
432.852 72.8369
433.622 71.6877
433.711 71.8053
433.591 71.6047
434.351 70.5168
434.773 69.8131
435.138 69.1939
435.238 69.0198
435.394 68.7549
435.931 67.82
436.172 67.3978
436.745 66.3898
437.467 65.2258
437.36 65.1812
437.428 65.2134
437.45 65.2248
438.566 64.213
439.318 63.5587
439.661 63.2569
440.552 62.4709
441.033 62.0425
441.402 61.7134
441.688 61.4566
442.436 60.7798
442.766 60.4814
443.601 59.7223
443.602 59.7199
445.131 58.792
445.88 58.338
446.083 58.2161
446.961 57.6909
447.669 57.2694
448.655 56.685
450.244 55.744
450.245 55.7469
450.749 55.5535
451.395 55.3038
452.733 54.8098
452.379 54.9487
453.841 54.624
454.597 54.1444
454.035 54.2599
454.919 54.4783
455.708 54.6684
456.063 54.7173
457.131 55.0812
457.46 55.1897
458.601 55.5633
459.578 55.892
461.419 56.5203
461.426 56.5229
461.63 56.5808
461.489 56.5481
461.354 56.4909
462.894 57.0197
463.853 57.3456
464.232 57.48
464.713 57.6485
465.441 57.9121
466.031 58.1346
467.858 58.8382
468.116 58.9377
469.079 59.3624
470.162 59.8503
470.878 60.2076
472.027 60.8017
472.026 60.8006
472.024 60.7991
473.093 61.4511
473.88 61.958
475.007 62.7164
475.808 63.2757
476.919 64.1128
476.865 64.1214
476.943 64.1061
477.228 64.3127
477.452 64.3221
477.296 64.3038
477.107 64.2769
478.29 65.7098
479.032 66.8278
479.706 67.9077
480.206 68.7465
480.494 69.2708
480.767 69.7581
481.001 70.2335
481.326 70.8895
481.713 71.723
481.862 72.0464
482.299 73.1345
482.617 73.9385
482.897 74.7566
483.356 76.1122
483.631 76.9584
483.84 77.6481
484.057 78.3798
484.322 79.308
484.517 80.0422
484.629 80.4688
484.829 81.423
485.046 82.7018
485.246 84.1746
485.251 84.4627
485.296 85.3128
485.25 86.1883
485.16 87.4551
485.125 87.8142
485.009 88.7717
484.92 89.3538
484.692 90.8471
484.683 90.9047
484.527 91.8171
484.471 92.12
484.414 92.4385
484.122 94.0361
483.78 94.9813
483.965 95.3389
483.963 95.338
483.431 96.7091
483.227 97.3992
483.011 98.2226
482.761 99.1818
482.614 99.9031
482.542 100.161
482.528 100.275
482.278 102.02
482.146 103.008
482.037 104.001
481.967 104.641
481.825 105.985
481.626 107.073
481.722 107.519
481.584 107.63
481.452 108.285
481.219 109.232
481.072 109.751
480.71 111.06
480.284 112.46
480.401 112.476
480.243 112.453
479.602 113.816
479.092 114.788
478.853 115.239
478.68 115.562
478.319 116.232
478.08 116.672
477.66 117.436
477.508 117.709
476.919 118.763
476.761 119.04
476.174 120.084
475.656 120.996
475.399 121.447
475.373 121.492
474.858 122.392
474.723 122.625
473.976 123.925
473.786 124.254
473.155 125.343
472.485 126.491
471.764 127.717
471.631 127.941
470.944 129.084
470.517 129.782
470.347 130.062
469.808 130.934
469.729 131.057
469.696 131.11
469.043 132.14
468.659 132.733
468.155 133.513
467.869 133.946
467.305 134.795
466.887 135.417
466.373 136.175
465.98 136.753
465.433 137.553
464.708 138.609
464.021 139.61
463.757 139.996
462.816 141.368
462.273 142.16
461.722 142.952
461.277 143.595
461.087 143.859
460.894 144.13
460.629 144.489
459.91 145.452
459.361 146.17
458.54 147.243
458.49 147.287
458.38 147.405
458.03 147.822
457.603 148.306
456.927 149.055
456.09 149.954
455.892 150.159
455.362 150.691
455.188 150.85
453.999 151.999
452.946 153.103
452.572 153.496
452.072 154.017
451.654 154.451
450.752 155.382
449.998 155.999
449.577 156.604
449.431 156.764
449.29 156.909
448.157 158.247
447.355 159.169
446.798 159.804
446.232 160.419
445.427 161.287
444.848 161.91
444.486 162.284
444.236 162.538
443.173 163.627
442.361 164.446
441.624 165.184
441.071 165.732
440.369 166.427
439.299 167.344
439.459 167.381
439.436 167.377
438.243 168.297
437.34 169.038
436.448 169.77
436.082 170.07
435.778 170.319
434.673 171.228
433.978 171.8
433.348 172.321
432.786 172.789
432.287 173.204
431.724 173.676
431.275 174.055
430.679 174.557
430.175 174.983
429.798 175.302
429.572 175.491
428.464 176.421
427.681 177.07
427.021 177.612
426.552 177.983
426.445 178.074
425.238 178.972
424.656 179.403
423.901 179.941
422.883 180.816
422.619 180.611
422.822 180.874
421.658 181.593
420.56 182.457
419.982 182.893
419.421 183.292
418.568 183.874
417.814 184.377
417.543 184.553
417.042 184.847
415.494 185.825
415.476 185.581
415.523 185.883
414.839 186.804
414.839 186.805
413.795 188.015
413.027 188.91
412.49 189.532
412.075 190.011
411.946 190.161
411.518 190.657
411.042 191.212
410.191 192.21
409.729 192.765
409.708 192.789
408.616 194.118
408.188 194.649
408.12 194.749
408.036 194.873
407.01 196.395
406.465 197.194
406.072 197.854
405.867 198.107
405.973 197.968
405.344 199.266
404.87 200.249
404.736 200.545
404.628 200.785
404.373 201.344
404.01 202.189
403.534 203.308
403.379 203.682
402.981 204.699
402.656 205.573
402.129 207.094
402.047 207.284
401.999 207.408
401.878 207.767
401.535 208.819
401.343 209.413
401.084 210.25
400.832 211.121
400.45 212.531
400.394 212.691
400.344 212.867
400.24 213.268
400.103 213.817
399.811 214.992
399.592 215.909
399.462 216.498
399.313 217.194
399.171 217.876
398.985 218.861
398.722 220.335
398.703 220.436
398.583 221.103
398.419 222.225
398.466 221.859
398.322 223.46
398.286 224.012
398.185 226.003
398.157 226.504
398.132 227.72
398.13 228.155
398.129 228.333
398.135 229.904
398.138 230.269
398.169 231.03
398.151 231.046
398.178 231.051
398.506 232.939
398.694 233.901
399.103 235.768
399.221 236.307
399.339 236.783
399.429 237.12
399.783 238.502
400.349 240.066
400.059 239.924
400.056 239.923
400.372 240.173
400.438 240.448
401.071 241.38
401.565 242.178
402.016 242.922
402.455 243.651
403.115 244.753
404.03 246.285
404.241 246.711
404.568 246.992
404.372 247.065
404.461 247.064
405.526 248.287
406.272 249.167
406.645 249.604
407.459 250.566
408.356 251.631
409.25 252.704
410.068 253.694
410.64 254.39
411.114 254.963
411.997 256.023
411.997 256.023
412.66 256.808
412.999 257.203
413.414 257.687
413.414 257.687
413.415 257.686
414.708 258.918
415.172 259.36
415.707 259.845
415.904 260.016
416.763 260.774
417.334 261.262
418.32 262.105
418.473 262.227
418.794 262.49
418.87 262.559
418.912 262.593
420.265 263.711
421.276 264.545
422.558 265.372
422.22 265.409
422.402 265.412
423.689 266.328
424.796 267.12
425.922 267.909
427.006 268.649
428.204 269.453
428.523 269.663
429.731 270.451
429.881 270.548
430.307 270.824
431.216 271.392
432.074 271.925
433.073 272.533
433.463 272.762
434.462 273.336
435.06 273.676
435.463 273.905
435.463 273.905
435.83 274.086
437.003 274.674
437.673 275.007
438.147 275.213
439.978 276.007
440.674 276.303
441.478 276.632
442.131 276.899
442.814 277.17
443.129 277.293
444.349 277.763
445.435 278.174
445.523 278.193
446.902 278.644
448.255 279.064
449.861 279.55
450.832 279.861
450.836 279.861
450.948 279.849
452.001 280.14
452.956 280.375
453.913 280.616
454.979 280.885
455.358 280.983
456.682 281.327
458.055 281.685
458.369 281.769
459.594 282.089
459.983 282.19
460.558 282.334
460.556 282.335
460.556 282.335
462.129 282.7
463.103 282.922
463.691 283.05
464.462 283.216
465.101 283.35
465.812 283.497
466.574 283.65
468.199 283.97
467.824 283.902
468.991 284.116
470.131 284.327
469.771 284.253
470.737 284.446
471.606 284.615
472.176 284.727
473.016 284.891
473.89 285.06
474.759 285.222
476.208 285.473
475.809 285.417
477.023 285.565
478.012 285.674
478.349 285.711
478.884 285.766
479.209 285.798
479.205 285.798
481 285.956
482.512 286.116
482.275 286.007
482.577 286.144
483.292 286.263
483.427 286.296
484.742 286.543
485.539 286.697
486.759 286.928
487.801 287.114
488.79 287.273
489.029 287.309
490.044 287.438
491.288 287.581
491.772 287.625
492.665 287.706
493.339 287.757
494.601 287.857
494.603 287.859
495.273 287.875
495.495 287.889
496.067 287.911
497.001 287.935
498.577 287.972
497.937 287.99
498.715 287.964
499.999 287.96
499.999 287.96
501.134 287.954
501.553 287.953
502.346 287.949
504.011 287.94
504.722 287.937
505.427 287.932
505.573 287.931
505.839 287.928
506.828 287.918
507.634 287.906
508.19 287.896
509.833 287.859
510.829 287.83
512.667 287.771
512.667 287.771
512.667 287.77
513.284 287.747
513.835 287.724
514.99 287.677
515.63 287.65
516.812 287.601
517.833 287.558
518.835 287.566
519.832 287.497
519.749 287.469
519.803 287.539
520.03 287.531
520.341 287.584
520.453 287.721
520.541 287.803
522.036 287.655
523.019 287.701
524.011 287.782
524.746 287.843
524.828 287.849
525.659 287.914
526.037 287.945
526.693 287.997
527.992 288.112
528.986 288.213
530.51 288.377
530.2 288.384
531.445 288.512
531.74 288.562
532.892 288.748
533.781 288.917
534.325 289.037
535.297 289.273
536.645 289.652
536.422 289.52
536.573 289.618
537.335 289.952
538.226 290.36
538.651 290.556
538.661 290.551
538.661 290.565
540.353 291.498
541.277 292.019
541.582 292.193
541.582 292.194
543.113 293.167
544.217 293.883
545.005 294.417
545.334 294.632
545.427 294.697
545.427 294.697
545.626 294.848
546.615 295.568
547.654 296.354
547.654 296.354
547.917 296.571
548.774 297.302
549.914 298.328
549.915 298.329
550.701 299.26
551.437 300.198
551.437 300.198
551.437 300.199
552.383 301.55
553.124 302.66
553.611 303.422
554.139 304.27
554.379 304.661
554.588 305.019
554.722 305.239
555.48 306.566
556.068 307.606
556.267 307.965
556.748 308.843
557.043 309.382
557.394 310.033
557.665 310.543
558.199 311.548
558.521 312.162
558.926 312.944
559.13 313.341
559.661 314.4
560.274 315.645
560.83 316.819
561.316 317.891
561.451 318.181
561.702 318.736
562.014 319.455
562.099 319.659
562.379 320.308
562.58 320.803
562.797 321.344
563.138 322.217
563.824 324.029
564.054 324.648
564.26 325.215
564.666 326.342
564.989 327.241
565.262 327.995
565.503 328.66
565.743 329.319
565.996 330.001
565.996 330.001
566.45 331.216
566.627 331.685
566.998 332.668
567.218 333.248
567.535 334.083
567.912 335.077
568.265 336.008
568.392 336.344
568.459 336.519
568.674 337.1
568.832 337.518
569.213 338.485
569.259 338.589
569.183 338.471
569.155 338.422
569.596 340.082
569.841 341.046
570.111 342.203
570.184 342.508
570.404 343.473
570.469 343.764
570.729 344.948
570.805 345.295
570.843 345.473
570.995 346.195
571.104 346.727
571.393 348.136
571.393 348.136
571.58 349.058
571.767 350.013
572.13 351.864
572.185 352.145
572.185 352.145
572.432 353.489
572.57 354.255
572.674 354.888
572.803 355.671
572.896 356.3
572.935 356.579
573.143 358.134
573.375 360.064
573.54 361.603
573.579 362.024
573.697 363.473
573.743 364.132
573.794 365.012
573.826 365.621
573.838 366.002
573.874 367.003
573.901 368.002
573.912 368.341
573.922 369.001
573.939 369.999
573.939 369.659
573.915 370.999
573.89 371.997
573.89 371.997
573.777 373.566
573.881 373.131
573.954 374.382
574.133 375.994
574.342 377.978
574.555 379.951
574.664 380.921
574.781 381.89
574.869 382.594
574.976 383.388
575.141 384.581
575.24 385.264
575.36 386.086
575.558 387.415
575.747 388.656
576.001 390.493
576.023 390.329
575.994 391
575.966 391.913
575.974 391.612
575.974 391.612
575.941 392.545
575.879 394.187
575.91 393.766
575.856 394.489
575.784 395.982
575.733 396.958
575.676 397.976
575.626 398.831
575.557 399.93
575.536 400.242
575.527 400.386
575.463 401.217
575.372 402.395
575.4 402.118
575.302 402.942
575.195 403.911
575.023 405.312
574.859 406.61
574.743 407.539
574.625 408.501
574.607 408.649
574.573 408.929
574.519 409.438
574.454 410.045
574.285 411.784
574.247 412.222
574.198 412.87
574.097 414.491
574.108 414.164
574.077 415.155
574.063 415.997
574.031 417.776
574.02 418.638
574.019 418.85
574.013 420
574.01 421.035
574.009 422
574.01 423.343
574.011 424.343
574.013 424.884
574.013 425.799
574.013 426.026
574.017 426.027
574.007 427.267
574.002 428.267
574.004 427.889
573.994 429.392
573.989 430
573.975 431.55
573.975 432.302
573.976 431.906
573.953 433.121
573.928 434.6
573.921 434.429
573.93 434.609
573.944 435.794
573.948 436.078
573.958 436.85
573.958 437.035
573.971 437.785
573.967 437.51
573.961 439
573.958 440
573.955 440.525
573.95 441.591
573.922 442.973
573.957 442.958
573.989 442.945
573.913 442.984
573.939 442.989
573.904 442.98
573.659 444.433
573.464 445.424
573.316 446.175
573.226 446.64
573.156 447.014
573.11 447.262
572.859 448.632
572.903 448.381
572.682 449.646
572.628 449.964
572.55 450.414
572.268 452.045
572.242 452.194
572.126 452.864
572.076 453.127
572.076 453.121
572.111 452.95
571.926 453.98
571.75 454.964
571.468 456.546
571.512 456.3
571.243 457.83
571.162 458.294
571.042 459
570.994 459.283
570.758 460.731
570.606 461.726
570.429 462.844
570.46 462.519
570.479 462.527
570.372 463.486
570.333 463.815
570.237 465.012
570.156 466.007
570.08 467.003
570.003 468
569.965 468.499
569.899 469.318
569.886 469.484
569.859 469.764
569.74 470.984
569.626 471.966
569.403 473.423
569.339 474.342
569.323 473.994
569.046 475.203
568.777 476.211
568.598 476.816
568.356 477.575
568.092 478.638
568.034 478.803
567.956 479.036
567.729 479.853
567.708 479.945
567.389 481.033
567.105 482.02
566.919 482.663
566.706 483.39
566.495 484.088
566.216 485.005
565.9 485.949
565.341 487.665
565.257 487.842
565.071 488.056
564.937 488.729
564.586 489.63
563.942 491.389
563.933 491.175
563.932 491.141
563.949 491.382
563.827 491.84
563.8 491.983
563.616 492.91
563.414 493.922
563.213 494.919
563.038 495.774
562.877 496.546
562.745 497.184
562.552 498.057
562.536 498.228
562.552 498.086
562.137 499.406
561.554 501.229
561.575 501.23
561.537 501.229
561.405 501.577
560.972 502.668
560.741 503.234
560.403 504.092
559.891 505.407
559.716 505.851
559.575 506.215
559.201 507.231
558.721 508.543
558.714 508.565
558.436 509.384
558.031 510.61
558.047 510.528
558.038 510.568
558.04 510.609
558.039 510.597
557.637 511.791
557.326 512.729
556.974 513.78
556.938 513.895
556.798 514.325
556.467 515.313
555.993 516.748
556.022 516.529
555.995 516.755
555.944 516.958
555.792 517.456
555.711 517.765
555.273 519.3
555.134 519.788
554.899 520.619
554.733 521.203
554.271 522.841
554.264 522.844
554.266 522.841
554.237 522.988
554.148 523.292
554.13 523.306
554.144 523.295
553.745 524.967
553.399 526.556
553.43 526.56
553.394 526.543
553.193 526.828
552.96 527.735
552.44 528.951
551.969 530.04
551.507 531.115
551.133 531.967
550.891 532.578
550.885 532.611
550.838 532.645
550.881 532.587
550.899 532.557
550.376 534.057
550.075 535.034
549.782 535.99
549.568 536.713
549.232 537.844
548.761 539.421
548.657 539.766
548.555 540.111
548.464 540.391
548.364 540.697
547.917 542.067
547.56 543.135
547.299 543.898
547.089 544.495
546.961 544.856
546.535 546.032
546.534 546.033
546.209 547.071
545.908 548.02
545.623 548.901
545.319 549.833
544.884 551.16
544.216 552.68
544.4 552.744
544.338 552.715
543.963 553.161
543.966 553.161
543.962 553.166
542.827 554.582
542.324 555.209
541.76 555.907
541.075 556.826
541.052 556.814
540.997 556.787
541.047 556.81
540.676 557.886
540.285 559.044
539.934 560.093
539.379 561.687
539.38 561.686
539.503 561.544
539.319 561.825
538.981 562.551
538.803 562.921
538.467 563.623
538.35 563.87
538.051 564.5
537.44 565.812
536.854 567.117
536.381 568.246
535.94 569.379
535.796 569.761
535.59 570.38
535.417 570.885
535.27 571.281
535.208 571.699
535.208 571.7
534.525 573.125
533.909 574.75
533.743 574.597
533.858 575.476
534.031 575.536
533.864 575.463
533.329 576.906
533.123 577.398
532.899 577.933
532.692 578.428
532.544 578.784
532.045 579.985
531.907 580.318
531.669 580.895
531.423 581.493
531.081 582.329
530.967 582.61
530.364 584.086
529.857 585.328
529.613 585.929
529.186 586.97
529.164 587.031
529.031 587.356
528.8 587.916
528.517 588.598
528.148 589.484
528.03 589.764
527.9 590.071
527.516 590.963
527.3 591.459
527.06 592.004
526.841 592.491
526.684 592.839
526.267 593.739
526.094 594.108
525.282 595.815
525.024 596.355
524.697 597.003
524.082 598.265
524.024 598.368
523.521 599.503
522.831 600.722
522.833 600.576
522.838 600.715
522.943 600.816
522.943 600.816
522.33 602.185
521.977 603.125
521.745 603.594
521.584 603.916
521.292 604.49
521.192 604.683
520.457 606.089
519.796 607.338
519.624 607.637
519.437 607.981
519.437 607.981
518.792 609.076
518.128 610.184
517.476 611.246
516.975 612.024
516.666 612.512
516.457 612.837
516.338 612.995
516.342 612.995
515.732 614.366
515.307 615.277
514.797 616.366
514.068 617.982
514.083 617.929
514.123 617.766
514.104 617.855
513.921 618.29
513.952 618.379
514.111 618.438
513.563 618.565
513.404 619.885
513.033 620.824
512.753 621.535
512.485 622.224
512.321 622.651
511.832 623.926
511.408 625.037
510.755 626.667
510.896 626.562
510.785 626.74
510.708 626.825
510.632 626.995
510.224 627.77
509.904 628.359
509.459 629.186
509.279 629.531
509.026 630.016
508.758 630.537
508.544 630.956
508.335 631.362
507.92 632.189
507.353 633.313
506.998 634.021
506.86 634.294
506.84 634.334
506.537 634.938
506.001 635.996
505.328 637.314
504.231 638.977
504.551 638.795
504.56 638.777
504.513 638.846
504.136 639.654
503.973 640.088
503.473 641.304
503.016 642.434
502.881 642.774
502.814 642.945
502.58 643.536
502.461 643.845
502.254 644.376
501.759 645.651
501.618 646.018
501.154 647.212
500.918 647.823
500.659 648.484
500.461 648.971
499.696 650.807
499.696 650.807
499.695 650.806
499.499 651.257
499.078 652.031
498.516 653.113
498.216 654.618
497.982 654.33
498.053 654.191
497.999 653.998
497.822 654.821
497.639 655.25
497.588 655.393
497.092 656.436
496.939 656.771
496.349 657.973
496.567 657.584
496.018 658.557
495.508 659.422
494.933 660.384
494.042 661.898
494.042 661.898
494.035 661.707
494.016 662.038
493.752 662.523
493.457 663.197
493.156 663.869
492.677 664.917
492.503 665.295
492.003 666.332
491.503 667.353
491.311 667.729
490.825 668.683
490.534 669.244
490.296 669.705
490.296 669.706
489.477 671.193
489.036 671.994
488.751 672.512
488.467 673.026
487.944 673.974
487.247 675.234
487.009 675.662
486.497 676.58
485.871 677.679
485.941 677.427
485.641 678.272
485.229 679.148
484.952 679.806
484.557 680.674
483.977 681.969
483.582 682.837
483.452 683.127
483.434 683.166
482.86 684.406
482.74 684.727
482.551 685.141
482.215 686.418
482.017 685.829
482.019 686.536
481.604 687.343
481.385 687.869
480.487 689.695
480.231 689.764
480.228 689.995
480.158 690.381
479.971 690.915
479.641 692.001
479.015 693.764
479.041 693.706
479.095 693.589
479.043 693.701
478.843 694.212
478.866 694.154
478.898 694.073
478.494 695.087
478.123 696.015
477.693 697.091
477.48 697.622
477.351 697.949
477 698.835
476.663 699.686
476.15 701.012
476.185 700.737
476.184 700.9
476.144 701.156
475.899 702.224
475.964 701.953
475.758 702.895
475.574 703.713
475.512 703.992
475.276 705.025
475.182 705.416
474.883 706.693
474.587 707.927
474.477 708.376
474.313 709.046
474.075 710.002
473.902 710.697
473.608 711.852
473.507 712.25
473.331 712.923
473.108 713.775
472.873 714.631
472.745 715.221
472.376 716.217
472.492 716.344
472.454 716.299
472.396 716.747
472.396 716.749
471.597 717.855
471.107 718.744
470.699 719.493
470.463 719.939
470.432 719.951
470.459 719.938
469.763 721.543
469.377 722.443
468.995 723.348
468.718 724.003
468.499 724.5
468.486 724.617
468.293 725.043
467.976 725.996
467.541 727.235
467.322 727.849
467.032 728.649
466.79 729.306
466.366 730.423
466.109 731.09
465.982 731.416
465.68 732.116
465.147 733.355
465.012 733.654
464.556 734.642
463.95 735.906
463.301 737.222
463.017 737.79
462.771 738.289
462.735 738.276
462.797 738.296
462.101 739.985
461.721 740.969
461.371 741.872
461.257 742.166
461.039 742.727
460.826 743.277
460.277 744.692
460.277 744.693
459.818 745.931
459.417 747.016
459.236 747.508
458.975 748.213
458.901 748.412
458.634 749.128
458.288 750.047
457.958 750.916
457.544 751.987
457.418 752.318
457.006 753.364
456.912 753.595
456.562 754.463
456.316 755.054
456.217 755.29
456.012 755.761
455.312 757.33
455.098 757.813
454.865 758.301
454.682 758.679
454.042 759.991
453.589 760.886
453.109 761.835
452.643 762.737
452.681 762.642
452.638 762.723
452.698 762.668
452.648 762.747
452.59 762.823
452.158 763.615
452.01 763.88
451.511 764.804
451.135 765.479
450.542 766.529
449.886 767.681
449.726 767.957
449.307 768.681
448.871 769.427
448.369 770.288
447.785 771.237
447.566 771.716
447.26 772.145
447.27 772.138
446.923 773.175
446.555 774.101
446.111 775.208
446.044 775.375
445.703 776.208
445.23 777.351
444.628 778.794
444.556 778.963
444.361 779.429
444.099 780.04
443.414 781.408
443.601 781.572
443.426 781.41
442.465 782.533
441.681 783.344
441.274 783.765
440.171 784.921
440.142 784.746
440.205 785.061
439.792 785.759
439.673 785.997
439.177 787.096
439.022 787.431
438.545 788.461
438.256 789.076
437.917 789.781
437.646 790.349
437.131 791.39
437.117 791.416
436.717 792.213
436.471 792.695
436.149 793.314
435.844 793.875
435.063 795.32
434.842 795.734
434.737 795.916
434.38 796.533
433.822 797.487
433.593 797.876
433.036 798.818
432.906 799.035
432.682 799.411
432.372 799.932
431.488 801.415
431.272 801.778
430.731 802.693
430.068 803.819
429.975 803.98
429.398 804.966
428.947 805.742
428.51 806.497
427.838 807.661
427.65 807.987
427.155 808.848
426.775 809.512
426.448 810.084
425.936 810.98
425.769 811.274
425.739 811.327
425.367 811.983
424.904 812.804
424.479 813.56
424.131 814.181
423.54 815.241
423.066 816.095
422.768 816.636
422.351 817.393
422.018 817.999
421.164 819.549
420.94 819.954
420.803 820.203
420.602 820.563
420.357 820.999
419.804 821.983
419.272 822.924
418.98 823.438
418.736 823.867
418.39 824.47
417.818 825.469
417.605 825.84
417.036 826.835
416.598 827.603
416.207 828.292
416 828.656
415.579 829.399
415.414 829.692
414.856 830.679
414.686 830.978
414.501 831.306
413.997 832.188
413.347 833.319
413.131 833.691
412.617 834.564
412.089 835.448
411.804 835.922
411.209 836.899
411.068 837.131
410.951 837.321
410.697 837.733
410.23 838.473
409.187 840.154
409.174 840.124
409.064 840.305
408.844 840.647
408.598 841.022
407.923 842.049
407.314 842.977
406.93 843.561
406.705 843.902
406.689 843.93
405.744 845.386
405.458 845.828
404.733 846.912
404.07 847.873
403.842 848.198
403.493 848.745
403.326 848.933
403.278 848.988
402.739 849.724
402.363 850.227
402.064 850.618
401.947 850.723
402.235 850.387
401.214 851.782
400.614 852.588
400.378 852.905
399.954 853.445
399.68 853.781
398.94 854.68
398.667 855.006
397.867 855.927
397.259 856.615
397.061 856.835
395.999 857.999
395.205 859.266
394.988 859.611
394.409 860.519
393.722 861.588
393.592 861.789
392.881 862.873
392.515 863.538
391.997 863.998
392.178 864.069
392.186 864.099
392.169 864.069
391.085 865.617
390.529 866.455
390.171 866.989
389.693 867.707
389.666 867.745
389.265 868.338
389.099 868.584
388.94 868.82
388.519 869.44
388.013 870.186
387.321 871.202
387.076 871.562
386.402 872.543
385.648 873.635
385.49 873.862
384.738 874.932
384.253 875.616
384.035 875.917
383.253 876.993
382.964 877.388
382.247 878.351
381.355 879.537
381.148 879.811
380.535 880.609
380.34 880.857
379.693 881.691
379.673 881.709
379.324 882.134
379.12 882.387
378.972 882.566
378.131 883.559
377.678 884.089
377.037 884.821
376.775 885.116
376.011 885.957
375.435 886.584
374.983 887.052
374.643 887.459
373.997 887.998
373.6 888.803
373.231 889.321
372.828 889.972
372.463 890.517
372.054 891.129
371.59 891.807
370.965 892.693
370.549 893.281
370.095 893.899
369.878 894.182
368.977 895.366
368.334 896.193
367.843 896.799
367.414 897.321
366.984 897.834
366.395 898.517
365.666 899.354
365.419 899.632
364.549 900.614
363.535 901.762
363.373 901.938
362.699 902.705
362.5 902.93
361.757 903.792
361.615 903.961
361.098 904.577
360.867 904.863
360.096 905.82
359.768 906.231
359.375 906.73
359.065 907.133
358.324 908.089
357.437 909.226
357.452 909.238
357.442 909.223
356.485 910.277
355.607 911.205
355.75 911.079
355.726 911.093
354.519 912.291
353.971 912.827
353.586 913.187
353.393 913.365
352.453 914.219
351.85 914.759
351.302 915.232
351.113 915.391
350.667 915.763
350.107 916.215
349.226 916.912
348.647 917.359
347.814 917.989
347.17 918.464
346.418 919.01
345.784 919.457
345.437 919.702
344.458 920.366
343.528 920.991
343.222 921.193
342 921.999
341.215 923.28
341.344 923.218
341.244 923.255
340.601 923.908
340.352 924.152
339.187 925.291
338.946 925.525
338.421 926.022
338.186 926.245
337.371 926.999
337.028 927.312
336.12 928.133
335.991 928.246
335.409 928.766
335.209 928.938
333.999 929.998
332.858 930.731
332.858 930.731
332.851 930.762
332.822 930.816
332.771 930.891
332.7 930.986
332.609 931.101
332.5 931.235
332.373 931.386
332.229 931.554
332.069 931.738
331.894 931.937
331.705 932.15
331.503 932.376
331.288 932.615
331.062 932.864
330.826 933.124
330.581 933.393
330.327 933.67
330.065 933.955
329.797 934.246
329.522 934.543
329.243 934.845
328.96 935.15
328.674 935.458
328.386 935.768
328.097 936.079
327.807 936.39
327.519 936.7
327.231 937.008
326.947 937.313
326.665 937.614
326.388 937.911
326.117 938.202
325.851 938.486
325.593 938.763
325.343 939.032
325.101 939.291
324.87 939.54
324.649 939.778
324.44 940.003
324.244 940.216
324.062 940.414
323.893 940.597
323.741 940.765
323.604 940.916
323.485 941.048
323.384 941.163
323.302 941.257
323.241 941.331
323.2 941.383
323.181 941.413